<?xml version="1.0" encoding="UTF-8" ?>
<testsuite tests="5" failures="3" name="TrocoTest" time="0.005" errors="0" skipped="0">
  <properties>
[...]
</properties>
  <testcase classname="TrocoTest" name="TrocoTest.testTrocoIteratorValorZero" time="0">
    <failure message="expected: &lt;false&gt; but was: &lt;true&gt;" type="org.opentest4j.AssertionFailedError">org.opentest4j.AssertionFailedError: expected: &lt;false&gt; but was: &lt;true&gt;
	at org.junit.jupiter.api.AssertionUtils.fail(AssertionUtils.java:55)
	at org.junit.jupiter.api.AssertFalse.assertFalse(AssertFalse.java:40)
	at org.junit.jupiter.api.AssertFalse.assertFalse(AssertFalse.java:35)
	at org.junit.jupiter.api.Assertions.assertFalse(Assertions.java:210)
	at TrocoTest.testTrocoIteratorValorZero(TrocoTest.java:67)
</failure>
  </testcase>
  <testcase classname="TrocoTest" name="TrocoTest.testSeparacaoDinheiro" time="0.002">
    <failure message="expected: &lt;5&gt; but was: &lt;6&gt;" type="org.opentest4j.AssertionFailedError">org.opentest4j.AssertionFailedError: expected: &lt;5&gt; but was: &lt;6&gt;
	at org.junit.jupiter.api.AssertionUtils.fail(AssertionUtils.java:55)
	at org.junit.jupiter.api.AssertionUtils.failNotEqual(AssertionUtils.java:62)
	at org.junit.jupiter.api.AssertEquals.assertEquals(AssertEquals.java:150)
	at org.junit.jupiter.api.AssertEquals.assertEquals(AssertEquals.java:145)
	at org.junit.jupiter.api.Assertions.assertEquals(Assertions.java:510)
	at TrocoTest.testSeparacaoDinheiro(TrocoTest.java:31)
</failure>
  </testcase>
  <testcase classname="TrocoTest" name="TrocoTest.testNext" time="0"/>
  <testcase classname="TrocoTest" name="TrocoTest.testHasNext" time="0.002"/>
  <testcase classname="TrocoTest" name="TrocoTest.testTrocoIterator" time="0.001">
    <failure message="expected: &lt;5&gt; but was: &lt;10&gt;" type="org.opentest4j.AssertionFailedError">org.opentest4j.AssertionFailedError: expected: &lt;5&gt; but was: &lt;10&gt;
	at org.junit.jupiter.api.AssertionUtils.fail(AssertionUtils.java:55)
	at org.junit.jupiter.api.AssertionUtils.failNotEqual(AssertionUtils.java:62)
	at org.junit.jupiter.api.AssertEquals.assertEquals(AssertEquals.java:150)
	at org.junit.jupiter.api.AssertEquals.assertEquals(AssertEquals.java:145)
	at org.junit.jupiter.api.Assertions.assertEquals(Assertions.java:510)
	at TrocoTest.testTrocoIterator(TrocoTest.java:54)
</failure>
  </testcase>
</testsuite>